<?xml version="1.0" encoding="UTF-8"?>
<robot generator="Robot 5.0.1 (Python 3.9.6 on win32)" generated="20220712 13:04:17.117" rpa="false" schemaversion="3">
<suite id="s1" name="FleekIt" source="D:\PythonExcersiseFiles\Day1PythonProgramming\Day7\FleekIt.robot">
<test id="s1-t1" name="TC_03" line="15">
<kw name="Keyword1">
<kw name="Read Fleek ITXML Test Data" library="fleekIt">
<var>${url}</var>
<arg>url</arg>
<msg timestamp="20220712 13:04:17.616" level="INFO">${url} = https://www.fleekitsolutions.com/</msg>
<status status="PASS" starttime="20220712 13:04:17.611" endtime="20220712 13:04:17.616"/>
</kw>
<kw name="Read Fleek ITXML Test Data" library="fleekIt">
<var>${browser}</var>
<arg>browser</arg>
<msg timestamp="20220712 13:04:17.617" level="INFO">${browser} = Chrome</msg>
<status status="PASS" starttime="20220712 13:04:17.617" endtime="20220712 13:04:17.617"/>
</kw>
<kw name="Read Fleek ITXML Test Data" library="fleekIt">
<var>${headerLinks}</var>
<arg>headerLinks</arg>
<msg timestamp="20220712 13:04:17.618" level="INFO">${headerLinks} = About,Services,Verticals,Portfolio,Blogs,Contact Us</msg>
<status status="PASS" starttime="20220712 13:04:17.617" endtime="20220712 13:04:17.618"/>
</kw>
<kw name="Read Fleek ITXML Test Data" library="fleekIt">
<var>${servicesLinks}</var>
<arg>servicesLinks</arg>
<msg timestamp="20220712 13:04:17.619" level="INFO">${servicesLinks} = Core QA Services,Test automation,Mobile app testing,Performance testing,Accessibility Testing,Design and Development,Digital Marketing</msg>
<status status="PASS" starttime="20220712 13:04:17.618" endtime="20220712 13:04:17.620"/>
</kw>
<kw name="Read Fleek ITXML Test Data" library="fleekIt">
<var>${contactUsURL}</var>
<arg>contactUsURL</arg>
<msg timestamp="20220712 13:04:17.621" level="INFO">${contactUsURL} = software-testing-agency-contact</msg>
<status status="PASS" starttime="20220712 13:04:17.620" endtime="20220712 13:04:17.621"/>
</kw>
<kw name="Set Global Variable" library="BuiltIn">
<arg>${url}</arg>
<doc>Makes a variable available globally in all tests and suites.</doc>
<msg timestamp="20220712 13:04:17.622" level="INFO">${url} = https://www.fleekitsolutions.com/</msg>
<status status="PASS" starttime="20220712 13:04:17.621" endtime="20220712 13:04:17.622"/>
</kw>
<kw name="Set Global Variable" library="BuiltIn">
<arg>${browser}</arg>
<doc>Makes a variable available globally in all tests and suites.</doc>
<msg timestamp="20220712 13:04:17.623" level="INFO">${browser} = Chrome</msg>
<status status="PASS" starttime="20220712 13:04:17.623" endtime="20220712 13:04:17.623"/>
</kw>
<kw name="Set Global Variable" library="BuiltIn">
<arg>${headerLinks}</arg>
<doc>Makes a variable available globally in all tests and suites.</doc>
<msg timestamp="20220712 13:04:17.624" level="INFO">${headerLinks} = About,Services,Verticals,Portfolio,Blogs,Contact Us</msg>
<status status="PASS" starttime="20220712 13:04:17.623" endtime="20220712 13:04:17.624"/>
</kw>
<kw name="Set Global Variable" library="BuiltIn">
<arg>${servicesLinks}</arg>
<doc>Makes a variable available globally in all tests and suites.</doc>
<msg timestamp="20220712 13:04:17.624" level="INFO">${servicesLinks} = Core QA Services,Test automation,Mobile app testing,Performance testing,Accessibility Testing,Design and Development,Digital Marketing</msg>
<status status="PASS" starttime="20220712 13:04:17.624" endtime="20220712 13:04:17.624"/>
</kw>
<kw name="Set Global Variable" library="BuiltIn">
<arg>${contactUsURL}</arg>
<doc>Makes a variable available globally in all tests and suites.</doc>
<msg timestamp="20220712 13:04:17.625" level="INFO">${contactUsURL} = software-testing-agency-contact</msg>
<status status="PASS" starttime="20220712 13:04:17.624" endtime="20220712 13:04:17.625"/>
</kw>
<status status="PASS" starttime="20220712 13:04:17.610" endtime="20220712 13:04:17.625"/>
</kw>
<kw name="Open Browser" library="SeleniumLibrary">
<arg>${url}</arg>
<arg>${browser}</arg>
<doc>Opens a new browser instance to the optional ``url``.</doc>
<msg timestamp="20220712 13:04:17.626" level="INFO">Opening browser 'Chrome' to base url 'https://www.fleekitsolutions.com/'.</msg>
<status status="PASS" starttime="20220712 13:04:17.625" endtime="20220712 13:04:23.250"/>
</kw>
<kw name="Maximize Browser Window" library="SeleniumLibrary">
<doc>Maximizes current browser window.</doc>
<status status="PASS" starttime="20220712 13:04:23.251" endtime="20220712 13:04:23.498"/>
</kw>
<kw name="Sleep" library="BuiltIn">
<arg>2</arg>
<doc>Pauses the test executed for the given time.</doc>
<msg timestamp="20220712 13:04:25.511" level="INFO">Slept 2 seconds</msg>
<status status="PASS" starttime="20220712 13:04:23.502" endtime="20220712 13:04:25.512"/>
</kw>
<kw name="Wait Until Page Contains Element" library="SeleniumLibrary">
<arg>//h2[text()='CLIENT SAYS']</arg>
<doc>Waits until the element ``locator`` appears on the current page.</doc>
<status status="PASS" starttime="20220712 13:04:25.521" endtime="20220712 13:04:25.543"/>
</kw>
<kw name="Scroll Element Into View" library="SeleniumLibrary">
<arg>//a[@class='flex-next']</arg>
<doc>Scrolls the element identified by ``locator`` into view.</doc>
<status status="PASS" starttime="20220712 13:04:25.544" endtime="20220712 13:04:25.873"/>
</kw>
<kw name="Get Text" library="SeleniumLibrary">
<var>${current}</var>
<arg>//li[@class='testimonial_content flex-active-slide']//p/span[2]</arg>
<doc>Returns the text value of the element identified by ``locator``.</doc>
<msg timestamp="20220712 13:04:25.936" level="INFO">${current} = https://digitalbureau.com/</msg>
<status status="PASS" starttime="20220712 13:04:25.873" endtime="20220712 13:04:25.937"/>
</kw>
<kw name="Log To Console" library="BuiltIn">
<arg>${current}</arg>
<doc>Logs the given message to the console.</doc>
<status status="PASS" starttime="20220712 13:04:25.937" endtime="20220712 13:04:25.938"/>
</kw>
<kw name="Click Element" library="SeleniumLibrary">
<arg>//a[@class='flex-next']</arg>
<doc>Click the element identified by ``locator``.</doc>
<msg timestamp="20220712 13:04:25.939" level="INFO">Clicking element '//a[@class='flex-next']'.</msg>
<status status="PASS" starttime="20220712 13:04:25.939" endtime="20220712 13:04:26.047"/>
</kw>
<kw name="Get Text" library="SeleniumLibrary">
<var>${next}</var>
<arg>//li[@class='testimonial_content flex-active-slide']//p/span[2]</arg>
<doc>Returns the text value of the element identified by ``locator``.</doc>
<msg timestamp="20220712 13:04:26.106" level="INFO">${next} = </msg>
<status status="PASS" starttime="20220712 13:04:26.055" endtime="20220712 13:04:26.106"/>
</kw>
<kw name="Should Not Be Equal" library="BuiltIn">
<arg>"""${current}"""</arg>
<arg>"""${next}"""</arg>
<doc>Fails if the given objects are equal.</doc>
<status status="PASS" starttime="20220712 13:04:26.107" endtime="20220712 13:04:26.108"/>
</kw>
<kw name="Scroll Element Into View" library="SeleniumLibrary">
<arg>//a[@class='flex-prev']</arg>
<doc>Scrolls the element identified by ``locator`` into view.</doc>
<status status="PASS" starttime="20220712 13:04:26.108" endtime="20220712 13:04:26.452"/>
</kw>
<kw name="Get Text" library="SeleniumLibrary">
<var>${current}</var>
<arg>//li[@class='testimonial_content flex-active-slide']//p/span[2]</arg>
<doc>Returns the text value of the element identified by ``locator``.</doc>
<msg timestamp="20220712 13:04:26.475" level="INFO">${current} = ignite.online</msg>
<status status="PASS" starttime="20220712 13:04:26.452" endtime="20220712 13:04:26.476"/>
</kw>
<kw name="Click Element" library="SeleniumLibrary">
<arg>//a[@class='flex-prev']</arg>
<doc>Click the element identified by ``locator``.</doc>
<msg timestamp="20220712 13:04:26.476" level="INFO">Clicking element '//a[@class='flex-prev']'.</msg>
<status status="PASS" starttime="20220712 13:04:26.476" endtime="20220712 13:04:26.536"/>
</kw>
<kw name="Get Text" library="SeleniumLibrary">
<var>${prev}</var>
<arg>//li[@class='testimonial_content flex-active-slide']//p/span[2]</arg>
<doc>Returns the text value of the element identified by ``locator``.</doc>
<msg timestamp="20220712 13:04:26.561" level="INFO">${prev} = </msg>
<status status="PASS" starttime="20220712 13:04:26.537" endtime="20220712 13:04:26.561"/>
</kw>
<kw name="Should Be Equal" library="BuiltIn">
<arg>"""${current}"""</arg>
<arg>"""${prev}"""</arg>
<doc>Fails if the given objects are unequal.</doc>
<msg timestamp="20220712 13:04:26.564" level="FAIL">"""ignite.online""" != """"""</msg>
<status status="FAIL" starttime="20220712 13:04:26.562" endtime="20220712 13:04:26.565"/>
</kw>
<kw name="Sleep" library="BuiltIn">
<arg>2</arg>
<doc>Pauses the test executed for the given time.</doc>
<status status="NOT RUN" starttime="20220712 13:04:26.566" endtime="20220712 13:04:26.566"/>
</kw>
<kw name="Close All Browsers" library="SeleniumLibrary">
<doc>Closes all open browsers and resets the browser cache.</doc>
<status status="NOT RUN" starttime="20220712 13:04:26.567" endtime="20220712 13:04:26.567"/>
</kw>
<status status="FAIL" starttime="20220712 13:04:17.609" endtime="20220712 13:04:26.568">"""ignite.online""" != """"""</status>
</test>
<status status="FAIL" starttime="20220712 13:04:17.120" endtime="20220712 13:04:26.570"/>
</suite>
<statistics>
<total>
<stat pass="0" fail="1" skip="0">All Tests</stat>
</total>
<tag>
</tag>
<suite>
<stat pass="0" fail="1" skip="0" id="s1" name="FleekIt">FleekIt</stat>
</suite>
</statistics>
<errors>
</errors>
</robot>
