<?xml version="1.0" encoding="UTF-8"?>
<robot generator="Robot 5.0.1 (Python 3.9.6 on win32)" generated="20220713 11:34:19.382" rpa="false" schemaversion="3">
<suite id="s1" name="CheckBox" source="D:\PythonExcersiseFiles\Day1PythonProgramming\Day8\CheckBox.robot">
<test id="s1-t1" name="TC:01" line="8">
<kw name="Open Browser" library="SeleniumLibrary">
<arg>https://the-internet.herokuapp.com/checkboxes</arg>
<arg>Chrome</arg>
<doc>Opens a new browser instance to the optional ``url``.</doc>
<msg timestamp="20220713 11:34:19.898" level="INFO">Opening browser 'Chrome' to base url 'https://the-internet.herokuapp.com/checkboxes'.</msg>
<status status="PASS" starttime="20220713 11:34:19.898" endtime="20220713 11:34:28.214"/>
</kw>
<kw name="Maximize Browser Window" library="SeleniumLibrary">
<doc>Maximizes current browser window.</doc>
<status status="PASS" starttime="20220713 11:34:28.215" endtime="20220713 11:34:28.354"/>
</kw>
<kw name="Wait Until Page Contains Element" library="SeleniumLibrary">
<arg>//h3[text()='Checkboxes']</arg>
<doc>Waits until the element ``locator`` appears on the current page.</doc>
<status status="PASS" starttime="20220713 11:34:28.355" endtime="20220713 11:34:28.368"/>
</kw>
<kw name="Checkbox Should Not Be Selected" library="SeleniumLibrary">
<arg>(//input[@type='checkbox'])[1]</arg>
<doc>Verifies checkbox ``locator`` is not selected/checked.</doc>
<msg timestamp="20220713 11:34:28.369" level="INFO">Verifying checkbox '(//input[@type='checkbox'])[1]' is not selected.</msg>
<status status="PASS" starttime="20220713 11:34:28.369" endtime="20220713 11:34:28.422"/>
</kw>
<kw name="Checkbox Should Be Selected" library="SeleniumLibrary">
<arg>(//input[@type='checkbox'])[2]</arg>
<doc>Verifies checkbox ``locator`` is selected/checked.</doc>
<msg timestamp="20220713 11:34:28.423" level="INFO">Verifying checkbox '(//input[@type='checkbox'])[2]' is selected.</msg>
<status status="PASS" starttime="20220713 11:34:28.423" endtime="20220713 11:34:28.468"/>
</kw>
<kw name="Click Element" library="SeleniumLibrary">
<arg>(//input[@type='checkbox'])[1]</arg>
<doc>Click the element identified by ``locator``.</doc>
<msg timestamp="20220713 11:34:28.470" level="INFO">Clicking element '(//input[@type='checkbox'])[1]'.</msg>
<status status="PASS" starttime="20220713 11:34:28.469" endtime="20220713 11:34:28.535"/>
</kw>
<kw name="Checkbox Should Be Selected" library="SeleniumLibrary">
<arg>(//input[@type='checkbox'])[1]</arg>
<doc>Verifies checkbox ``locator`` is selected/checked.</doc>
<msg timestamp="20220713 11:34:28.536" level="INFO">Verifying checkbox '(//input[@type='checkbox'])[1]' is selected.</msg>
<status status="PASS" starttime="20220713 11:34:28.535" endtime="20220713 11:34:28.573"/>
</kw>
<kw name="Checkbox Should Be Selected" library="SeleniumLibrary">
<arg>(//input[@type='checkbox'])[2]</arg>
<doc>Verifies checkbox ``locator`` is selected/checked.</doc>
<msg timestamp="20220713 11:34:28.573" level="INFO">Verifying checkbox '(//input[@type='checkbox'])[2]' is selected.</msg>
<status status="PASS" starttime="20220713 11:34:28.573" endtime="20220713 11:34:28.610"/>
</kw>
<kw name="Click Element" library="SeleniumLibrary">
<arg>(//input[@type='checkbox'])[2]</arg>
<doc>Click the element identified by ``locator``.</doc>
<msg timestamp="20220713 11:34:28.611" level="INFO">Clicking element '(//input[@type='checkbox'])[2]'.</msg>
<status status="PASS" starttime="20220713 11:34:28.610" endtime="20220713 11:34:28.669"/>
</kw>
<kw name="Checkbox Should Not Be Selected" library="SeleniumLibrary">
<arg>(//input[@type='checkbox'])[2]</arg>
<doc>Verifies checkbox ``locator`` is not selected/checked.</doc>
<msg timestamp="20220713 11:34:28.670" level="INFO">Verifying checkbox '(//input[@type='checkbox'])[2]' is not selected.</msg>
<status status="PASS" starttime="20220713 11:34:28.670" endtime="20220713 11:34:28.699"/>
</kw>
<kw name="Checkbox Should Be Selected" library="SeleniumLibrary">
<arg>(//input[@type='checkbox'])[1]</arg>
<doc>Verifies checkbox ``locator`` is selected/checked.</doc>
<msg timestamp="20220713 11:34:28.699" level="INFO">Verifying checkbox '(//input[@type='checkbox'])[1]' is selected.</msg>
<status status="PASS" starttime="20220713 11:34:28.699" endtime="20220713 11:34:28.728"/>
</kw>
<kw name="Close All Browsers" library="SeleniumLibrary">
<doc>Closes all open browsers and resets the browser cache.</doc>
<status status="PASS" starttime="20220713 11:34:28.728" endtime="20220713 11:34:31.095"/>
</kw>
<status status="PASS" starttime="20220713 11:34:19.897" endtime="20220713 11:34:31.104"/>
</test>
<status status="PASS" starttime="20220713 11:34:19.386" endtime="20220713 11:34:31.125"/>
</suite>
<statistics>
<total>
<stat pass="1" fail="0" skip="0">All Tests</stat>
</total>
<tag>
</tag>
<suite>
<stat pass="1" fail="0" skip="0" id="s1" name="CheckBox">CheckBox</stat>
</suite>
</statistics>
<errors>
</errors>
</robot>
